{"C:\\Me\\Git\\Nest\\src\\product\\product.controller.ts": {"path":"C:\\Me\\Git\\Nest\\src\\product\\product.controller.ts","statementMap":{"0":{"start":{"line":1,"column":0},"end":{"line":1,"column":103}},"1":{"start":{"line":2,"column":0},"end":{"line":2,"column":57}},"2":{"start":{"line":3,"column":0},"end":{"line":3,"column":51}},"3":{"start":{"line":4,"column":0},"end":{"line":4,"column":55}},"4":{"start":{"line":5,"column":0},"end":{"line":5,"column":61}},"5":{"start":{"line":6,"column":0},"end":{"line":6,"column":57}},"6":{"start":{"line":12,"column":7},"end":{"line":40,"column":null}},"7":{"start":{"line":13,"column":33},"end":{"line":13,"column":49}},"8":{"start":{"line":17,"column":8},"end":{"line":17,"column":44}},"9":{"start":{"line":22,"column":8},"end":{"line":22,"column":46}},"10":{"start":{"line":27,"column":8},"end":{"line":27,"column":43}},"11":{"start":{"line":32,"column":8},"end":{"line":32,"column":45}},"12":{"start":{"line":37,"column":8},"end":{"line":37,"column":20}},"13":{"start":{"line":38,"column":8},"end":{"line":38,"column":47}},"14":{"start":{"line":12,"column":13},"end":{"line":12,"column":30}},"15":{"start":{"line":16,"column":4},"end":{"line":18,"column":null}},"16":{"start":{"line":21,"column":4},"end":{"line":23,"column":null}},"17":{"start":{"line":26,"column":4},"end":{"line":28,"column":null}},"18":{"start":{"line":31,"column":4},"end":{"line":33,"column":null}},"19":{"start":{"line":36,"column":4},"end":{"line":39,"column":null}},"20":{"start":{"line":12,"column":13},"end":{"line":40,"column":null}}},"fnMap":{"0":{"name":"(anonymous_4)","decl":{"start":{"line":13,"column":4},"end":{"line":13,"column":33}},"loc":{"start":{"line":13,"column":63},"end":{"line":13,"column":67}}},"1":{"name":"(anonymous_5)","decl":{"start":{"line":16,"column":4},"end":{"line":16,"column":7}},"loc":{"start":{"line":16,"column":34},"end":{"line":18,"column":5}}},"2":{"name":"(anonymous_6)","decl":{"start":{"line":21,"column":4},"end":{"line":21,"column":10}},"loc":{"start":{"line":21,"column":55},"end":{"line":23,"column":5}}},"3":{"name":"(anonymous_7)","decl":{"start":{"line":26,"column":4},"end":{"line":26,"column":7}},"loc":{"start":{"line":26,"column":52},"end":{"line":28,"column":5}}},"4":{"name":"(anonymous_8)","decl":{"start":{"line":31,"column":4},"end":{"line":31,"column":8}},"loc":{"start":{"line":31,"column":37},"end":{"line":33,"column":5}}},"5":{"name":"(anonymous_9)","decl":{"start":{"line":36,"column":4},"end":{"line":36,"column":10}},"loc":{"start":{"line":36,"column":86},"end":{"line":39,"column":5}}}},"branchMap":{},"s":{"0":1,"1":1,"2":1,"3":1,"4":1,"5":1,"6":1,"7":1,"8":0,"9":0,"10":0,"11":0,"12":0,"13":0,"14":1,"15":1,"16":1,"17":1,"18":1,"19":1,"20":1},"f":{"0":1,"1":0,"2":0,"3":0,"4":0,"5":0},"b":{}}
,"C:\\Me\\Git\\Nest\\src\\product\\product.repository.ts": {"path":"C:\\Me\\Git\\Nest\\src\\product\\product.repository.ts","statementMap":{"0":{"start":{"line":1,"column":0},"end":{"line":1,"column":44}},"1":{"start":{"line":5,"column":7},"end":{"line":35,"column":null}},"2":{"start":{"line":6,"column":34},"end":{"line":12,"column":6}},"3":{"start":{"line":15,"column":8},"end":{"line":15,"column":41}},"4":{"start":{"line":16,"column":8},"end":{"line":16,"column":36}},"5":{"start":{"line":17,"column":8},"end":{"line":17,"column":26}},"6":{"start":{"line":21,"column":8},"end":{"line":21,"column":77}},"7":{"start":{"line":21,"column":58},"end":{"line":21,"column":75}},"8":{"start":{"line":25,"column":8},"end":{"line":25,"column":64}},"9":{"start":{"line":25,"column":46},"end":{"line":25,"column":62}},"10":{"start":{"line":29,"column":8},"end":{"line":29,"column":29}},"11":{"start":{"line":33,"column":8},"end":{"line":33,"column":116}},"12":{"start":{"line":33,"column":46},"end":{"line":33,"column":114}},"13":{"start":{"line":5,"column":13},"end":{"line":5,"column":30}},"14":{"start":{"line":5,"column":13},"end":{"line":35,"column":null}}},"fnMap":{"0":{"name":"(anonymous_1)","decl":{"start":{"line":14,"column":4},"end":{"line":14,"column":7}},"loc":{"start":{"line":14,"column":24},"end":{"line":18,"column":5}}},"1":{"name":"(anonymous_2)","decl":{"start":{"line":20,"column":4},"end":{"line":20,"column":10}},"loc":{"start":{"line":20,"column":21},"end":{"line":22,"column":5}}},"2":{"name":"(anonymous_3)","decl":{"start":{"line":21,"column":45},"end":{"line":21,"column":46}},"loc":{"start":{"line":21,"column":58},"end":{"line":21,"column":75}}},"3":{"name":"(anonymous_4)","decl":{"start":{"line":24,"column":4},"end":{"line":24,"column":7}},"loc":{"start":{"line":24,"column":18},"end":{"line":26,"column":5}}},"4":{"name":"(anonymous_5)","decl":{"start":{"line":25,"column":34},"end":{"line":25,"column":35}},"loc":{"start":{"line":25,"column":46},"end":{"line":25,"column":62}}},"5":{"name":"(anonymous_6)","decl":{"start":{"line":28,"column":4},"end":{"line":28,"column":8}},"loc":{"start":{"line":28,"column":8},"end":{"line":30,"column":5}}},"6":{"name":"(anonymous_7)","decl":{"start":{"line":32,"column":4},"end":{"line":32,"column":10}},"loc":{"start":{"line":32,"column":27},"end":{"line":34,"column":5}}},"7":{"name":"(anonymous_8)","decl":{"start":{"line":33,"column":27},"end":{"line":33,"column":28}},"loc":{"start":{"line":33,"column":46},"end":{"line":33,"column":114}}}},"branchMap":{"0":{"loc":{"start":{"line":33,"column":46},"end":{"line":33,"column":114}},"type":"binary-expr","locations":[{"start":{"line":33,"column":46},"end":{"line":33,"column":70}},{"start":{"line":33,"column":75},"end":{"line":33,"column":113}}]}},"s":{"0":1,"1":1,"2":1,"3":0,"4":0,"5":0,"6":0,"7":0,"8":0,"9":0,"10":0,"11":0,"12":0,"13":1,"14":1},"f":{"0":0,"1":0,"2":0,"3":0,"4":0,"5":0,"6":0,"7":0},"b":{"0":[0,0]}}
,"C:\\Me\\Git\\Nest\\src\\product\\product.service.ts": {"path":"C:\\Me\\Git\\Nest\\src\\product\\product.service.ts","statementMap":{"0":{"start":{"line":1,"column":0},"end":{"line":1,"column":44}},"1":{"start":{"line":5,"column":0},"end":{"line":5,"column":57}},"2":{"start":{"line":9,"column":7},"end":{"line":32,"column":null}},"3":{"start":{"line":10,"column":33},"end":{"line":10,"column":52}},"4":{"start":{"line":13,"column":8},"end":{"line":13,"column":62}},"5":{"start":{"line":17,"column":8},"end":{"line":17,"column":49}},"6":{"start":{"line":21,"column":8},"end":{"line":21,"column":46}},"7":{"start":{"line":25,"column":8},"end":{"line":25,"column":25}},"8":{"start":{"line":26,"column":8},"end":{"line":26,"column":45}},"9":{"start":{"line":30,"column":8},"end":{"line":30,"column":57}},"10":{"start":{"line":9,"column":13},"end":{"line":9,"column":27}},"11":{"start":{"line":9,"column":13},"end":{"line":32,"column":null}}},"fnMap":{"0":{"name":"(anonymous_2)","decl":{"start":{"line":10,"column":4},"end":{"line":10,"column":33}},"loc":{"start":{"line":10,"column":69},"end":{"line":10,"column":73}}},"1":{"name":"(anonymous_3)","decl":{"start":{"line":12,"column":4},"end":{"line":12,"column":7}},"loc":{"start":{"line":12,"column":26},"end":{"line":14,"column":5}}},"2":{"name":"(anonymous_4)","decl":{"start":{"line":16,"column":4},"end":{"line":16,"column":10}},"loc":{"start":{"line":16,"column":21},"end":{"line":18,"column":5}}},"3":{"name":"(anonymous_5)","decl":{"start":{"line":20,"column":4},"end":{"line":20,"column":7}},"loc":{"start":{"line":20,"column":18},"end":{"line":22,"column":5}}},"4":{"name":"(anonymous_6)","decl":{"start":{"line":24,"column":4},"end":{"line":24,"column":8}},"loc":{"start":{"line":24,"column":28},"end":{"line":27,"column":5}}},"5":{"name":"(anonymous_7)","decl":{"start":{"line":29,"column":4},"end":{"line":29,"column":10}},"loc":{"start":{"line":29,"column":32},"end":{"line":31,"column":5}}}},"branchMap":{},"s":{"0":1,"1":1,"2":1,"3":1,"4":0,"5":0,"6":0,"7":0,"8":0,"9":0,"10":1,"11":1},"f":{"0":1,"1":0,"2":0,"3":0,"4":0,"5":0},"b":{}}
,"C:\\Me\\Git\\Nest\\src\\product\\dtos\\add.product.dto.ts": {"path":"C:\\Me\\Git\\Nest\\src\\product\\dtos\\add.product.dto.ts","statementMap":{"0":{"start":{"line":1,"column":0},"end":{"line":1,"column":45}},"1":{"start":{"line":3,"column":0},"end":{"line":3,"column":13}},"2":{"start":{"line":5,"column":4},"end":{"line":5,"column":null}}},"fnMap":{},"branchMap":{},"s":{"0":1,"1":1,"2":1},"f":{},"b":{}}
,"C:\\Me\\Git\\Nest\\src\\product\\dtos\\list.product.dto.ts": {"path":"C:\\Me\\Git\\Nest\\src\\product\\dtos\\list.product.dto.ts","statementMap":{"0":{"start":{"line":1,"column":0},"end":{"line":1,"column":13}}},"fnMap":{},"branchMap":{},"s":{"0":1},"f":{},"b":{}}
,"C:\\Me\\Git\\Nest\\src\\product\\dtos\\update.product.dto.ts": {"path":"C:\\Me\\Git\\Nest\\src\\product\\dtos\\update.product.dto.ts","statementMap":{"0":{"start":{"line":1,"column":0},"end":{"line":1,"column":50}},"1":{"start":{"line":2,"column":0},"end":{"line":2,"column":45}},"2":{"start":{"line":4,"column":0},"end":{"line":4,"column":13}},"3":{"start":{"line":7,"column":4},"end":{"line":7,"column":null}},"4":{"start":{"line":10,"column":4},"end":{"line":10,"column":null}}},"fnMap":{},"branchMap":{},"s":{"0":1,"1":1,"2":1,"3":1,"4":1},"f":{},"b":{}}
}
